2024-06-15 12:01:32 INFO  SokobanLogic:116 - the warehouse man moves from (2, 2) to (3, 2)
2024-06-15 12:01:32 INFO  SokobanLogic:122 - la puntuacion nueva es 2
2024-06-15 12:01:32 INFO  SokobanLogic:95 - the warehouse man moves the box from (4, 2) to (5, 2)
2024-06-15 12:01:32 INFO  SokobanLogic:116 - the warehouse man moves from (3, 2) to (4, 2)
2024-06-15 12:01:32 INFO  SokobanLogic:122 - la puntuacion nueva es 2
2024-06-15 12:01:35 INFO  LevelLoader:19 - reading file level_2.txt to generate level
2024-06-15 12:01:35 INFO  LevelLoader:29 - loading a level that has 5 rows
2024-06-15 12:01:35 INFO  LevelLoader:30 - loading a level that has 7 columns
2024-06-15 12:01:35 INFO  TexturePaths:30 - image generated correctly from this path ./src/main/java/model/textures/wall.png
2024-06-15 12:01:35 INFO  LevelLoader:93 - a wall has been loaded (0, 0)
2024-06-15 12:01:35 INFO  TexturePaths:30 - image generated correctly from this path ./src/main/java/model/textures/wall.png
2024-06-15 12:01:35 INFO  LevelLoader:93 - a wall has been loaded (1, 0)
2024-06-15 12:01:35 INFO  TexturePaths:30 - image generated correctly from this path ./src/main/java/model/textures/wall.png
2024-06-15 12:01:35 INFO  LevelLoader:93 - a wall has been loaded (2, 0)
2024-06-15 12:01:35 INFO  TexturePaths:30 - image generated correctly from this path ./src/main/java/model/textures/wall.png
2024-06-15 12:01:35 INFO  LevelLoader:93 - a wall has been loaded (3, 0)
2024-06-15 12:01:35 INFO  TexturePaths:30 - image generated correctly from this path ./src/main/java/model/textures/wall.png
2024-06-15 12:01:35 INFO  LevelLoader:93 - a wall has been loaded (4, 0)
2024-06-15 12:01:35 INFO  TexturePaths:30 - image generated correctly from this path ./src/main/java/model/textures/wall.png
2024-06-15 12:01:35 INFO  LevelLoader:93 - a wall has been loaded (5, 0)
2024-06-15 12:01:35 INFO  TexturePaths:30 - image generated correctly from this path ./src/main/java/model/textures/wall.png
2024-06-15 12:01:35 INFO  LevelLoader:93 - a wall has been loaded (6, 0)
2024-06-15 12:01:35 INFO  TexturePaths:30 - image generated correctly from this path ./src/main/java/model/textures/wall.png
2024-06-15 12:01:35 INFO  LevelLoader:93 - a wall has been loaded (0, 1)
2024-06-15 12:01:35 INFO  TexturePaths:30 - image generated correctly from this path ./src/main/java/model/textures/air.png
2024-06-15 12:01:35 INFO  TexturePaths:30 - image generated correctly from this path ./src/main/java/model/textures/worker.png
2024-06-15 12:01:35 INFO  LevelLoader:120 - the warehouse man has been loaded(1, 1)
2024-06-15 12:01:35 INFO  TexturePaths:30 - image generated correctly from this path ./src/main/java/model/textures/air.png
2024-06-15 12:01:35 INFO  LevelLoader:98 - an air
2024-06-15 12:01:35 INFO  TexturePaths:30 - image generated correctly from this path ./src/main/java/model/textures/air.png
2024-06-15 12:01:35 INFO  LevelLoader:98 - an air
2024-06-15 12:01:35 INFO  TexturePaths:30 - image generated correctly from this path ./src/main/java/model/textures/goal.png
2024-06-15 12:01:35 INFO  LevelLoader:103 - a goal has been loaded(4, 1)
2024-06-15 12:01:35 INFO  TexturePaths:30 - image generated correctly from this path ./src/main/java/model/textures/air.png
2024-06-15 12:01:35 INFO  LevelLoader:98 - an air
2024-06-15 12:01:35 INFO  TexturePaths:30 - image generated correctly from this path ./src/main/java/model/textures/wall.png
2024-06-15 12:01:35 INFO  LevelLoader:93 - a wall has been loaded (6, 1)
2024-06-15 12:01:35 INFO  TexturePaths:30 - image generated correctly from this path ./src/main/java/model/textures/wall.png
2024-06-15 12:01:35 INFO  LevelLoader:93 - a wall has been loaded (0, 2)
2024-06-15 12:01:35 INFO  TexturePaths:30 - image generated correctly from this path ./src/main/java/model/textures/air.png
2024-06-15 12:01:35 INFO  LevelLoader:98 - an air
2024-06-15 12:01:35 INFO  TexturePaths:30 - image generated correctly from this path ./src/main/java/model/textures/air.png
2024-06-15 12:01:35 INFO  LevelLoader:98 - an air
2024-06-15 12:01:35 INFO  TexturePaths:30 - image generated correctly from this path ./src/main/java/model/textures/air.png
2024-06-15 12:01:35 INFO  TexturePaths:30 - image generated correctly from this path ./src/main/java/model/textures/box.png
2024-06-15 12:01:35 INFO  TexturePaths:30 - image generated correctly from this path ./src/main/java/model/textures/box-modified.png
2024-06-15 12:01:35 INFO  LevelLoader:108 - a box has been loaded(3, 2)
2024-06-15 12:01:35 INFO  TexturePaths:30 - image generated correctly from this path ./src/main/java/model/textures/air.png
2024-06-15 12:01:35 INFO  LevelLoader:98 - an air
2024-06-15 12:01:35 INFO  TexturePaths:30 - image generated correctly from this path ./src/main/java/model/textures/air.png
2024-06-15 12:01:35 INFO  LevelLoader:98 - an air
2024-06-15 12:01:35 INFO  TexturePaths:30 - image generated correctly from this path ./src/main/java/model/textures/wall.png
2024-06-15 12:01:35 INFO  LevelLoader:93 - a wall has been loaded (6, 2)
2024-06-15 12:01:35 INFO  TexturePaths:30 - image generated correctly from this path ./src/main/java/model/textures/wall.png
2024-06-15 12:01:35 INFO  LevelLoader:93 - a wall has been loaded (0, 3)
2024-06-15 12:01:35 INFO  TexturePaths:30 - image generated correctly from this path ./src/main/java/model/textures/air.png
2024-06-15 12:01:35 INFO  LevelLoader:98 - an air
2024-06-15 12:01:35 INFO  TexturePaths:30 - image generated correctly from this path ./src/main/java/model/textures/air.png
2024-06-15 12:01:35 INFO  LevelLoader:98 - an air
2024-06-15 12:01:35 INFO  TexturePaths:30 - image generated correctly from this path ./src/main/java/model/textures/air.png
2024-06-15 12:01:35 INFO  LevelLoader:98 - an air
2024-06-15 12:01:35 INFO  TexturePaths:30 - image generated correctly from this path ./src/main/java/model/textures/air.png
2024-06-15 12:01:35 INFO  LevelLoader:98 - an air
2024-06-15 12:01:35 INFO  TexturePaths:30 - image generated correctly from this path ./src/main/java/model/textures/air.png
2024-06-15 12:01:35 INFO  LevelLoader:98 - an air
2024-06-15 12:01:35 INFO  TexturePaths:30 - image generated correctly from this path ./src/main/java/model/textures/wall.png
2024-06-15 12:01:35 INFO  LevelLoader:93 - a wall has been loaded (6, 3)
2024-06-15 12:01:35 INFO  TexturePaths:30 - image generated correctly from this path ./src/main/java/model/textures/wall.png
2024-06-15 12:01:35 INFO  LevelLoader:93 - a wall has been loaded (0, 4)
2024-06-15 12:01:35 INFO  TexturePaths:30 - image generated correctly from this path ./src/main/java/model/textures/wall.png
2024-06-15 12:01:35 INFO  LevelLoader:93 - a wall has been loaded (1, 4)
2024-06-15 12:01:35 INFO  TexturePaths:30 - image generated correctly from this path ./src/main/java/model/textures/wall.png
2024-06-15 12:01:35 INFO  LevelLoader:93 - a wall has been loaded (2, 4)
2024-06-15 12:01:35 INFO  TexturePaths:30 - image generated correctly from this path ./src/main/java/model/textures/wall.png
2024-06-15 12:01:35 INFO  LevelLoader:93 - a wall has been loaded (3, 4)
2024-06-15 12:01:35 INFO  TexturePaths:30 - image generated correctly from this path ./src/main/java/model/textures/wall.png
2024-06-15 12:01:35 INFO  LevelLoader:93 - a wall has been loaded (4, 4)
2024-06-15 12:01:35 INFO  TexturePaths:30 - image generated correctly from this path ./src/main/java/model/textures/wall.png
2024-06-15 12:01:35 INFO  LevelLoader:93 - a wall has been loaded (5, 4)
2024-06-15 12:01:35 INFO  TexturePaths:30 - image generated correctly from this path ./src/main/java/model/textures/wall.png
2024-06-15 12:01:35 INFO  LevelLoader:93 - a wall has been loaded (6, 4)
2024-06-15 12:01:41 INFO  SokobanLogic:132 - the warehouse man moves from (1, 1) to (1, 2)
2024-06-15 12:01:41 INFO  SokobanLogic:137 - la puntuacion nueva es 2
2024-06-15 12:01:42 INFO  SokobanLogic:132 - the warehouse man moves from (1, 2) to (2, 2)
2024-06-15 12:01:42 INFO  SokobanLogic:137 - la puntuacion nueva es 2
2024-06-15 12:01:42 INFO  SokobanLogic:132 - the warehouse man moves from (2, 2) to (2, 3)
2024-06-15 12:01:42 INFO  SokobanLogic:137 - la puntuacion nueva es 2
2024-06-15 12:01:43 INFO  SokobanLogic:132 - the warehouse man moves from (2, 3) to (2, 2)
2024-06-15 12:01:43 INFO  SokobanLogic:137 - la puntuacion nueva es 2
2024-06-15 12:01:43 INFO  SokobanLogic:95 - the warehouse man moves the box from (3, 2) to (4, 2)
2024-06-15 12:01:43 INFO  SokobanLogic:116 - the warehouse man moves from (2, 2) to (3, 2)
2024-06-15 12:01:43 INFO  SokobanLogic:122 - la puntuacion nueva es 2
2024-06-15 12:01:44 INFO  SokobanLogic:132 - the warehouse man moves from (3, 2) to (3, 3)
2024-06-15 12:01:44 INFO  SokobanLogic:137 - la puntuacion nueva es 2
2024-06-15 12:01:44 INFO  SokobanLogic:132 - the warehouse man moves from (3, 3) to (4, 3)
2024-06-15 12:01:44 INFO  SokobanLogic:137 - la puntuacion nueva es 2
2024-06-15 12:01:44 INFO  SokobanLogic:95 - the warehouse man moves the box from (4, 2) to (4, 1)
2024-06-15 12:01:44 INFO  SokobanLogic:105 - We reached the goal.
2024-06-15 12:01:44 INFO  SokobanLogic:116 - the warehouse man moves from (4, 3) to (4, 2)
2024-06-15 12:01:44 INFO  SokobanLogic:122 - la puntuacion nueva es 2
2024-06-15 12:01:44 INFO  LevelLoader:19 - reading file level_3.txt to generate level
2024-06-15 12:01:44 ERROR LevelLoader:55 - error reading from file level_3.txt
2024-06-15 12:01:44 INFO  LevelLoader:19 - reading file level_3.txt to generate level
2024-06-15 12:01:44 ERROR LevelLoader:55 - error reading from file level_3.txt
2024-06-15 12:01:44 INFO  LevelLoader:19 - reading file level_3.txt to generate level
2024-06-15 12:01:44 ERROR LevelLoader:55 - error reading from file level_3.txt
2024-06-15 12:01:44 INFO  LevelLoader:19 - reading file level_3.txt to generate level
2024-06-15 12:01:44 ERROR LevelLoader:55 - error reading from file level_3.txt
2024-06-15 12:01:44 INFO  LevelLoader:19 - reading file level_3.txt to generate level
2024-06-15 12:01:44 ERROR LevelLoader:55 - error reading from file level_3.txt
2024-06-15 12:01:45 INFO  LevelLoader:19 - reading file level_3.txt to generate level
2024-06-15 12:01:45 ERROR LevelLoader:55 - error reading from file level_3.txt
2024-06-15 12:01:45 INFO  LevelLoader:19 - reading file level_3.txt to generate level
2024-06-15 12:01:45 ERROR LevelLoader:55 - error reading from file level_3.txt
2024-06-15 12:01:45 INFO  LevelLoader:19 - reading file level_3.txt to generate level
2024-06-15 12:01:45 ERROR LevelLoader:55 - error reading from file level_3.txt
2024-06-15 12:01:45 INFO  LevelLoader:19 - reading file level_3.txt to generate level
2024-06-15 12:01:45 ERROR LevelLoader:55 - error reading from file level_3.txt
2024-06-15 12:01:45 INFO  LevelLoader:19 - reading file level_3.txt to generate level
2024-06-15 12:01:45 ERROR LevelLoader:55 - error reading from file level_3.txt
2024-06-15 12:01:45 INFO  LevelLoader:19 - reading file level_3.txt to generate level
2024-06-15 12:01:45 ERROR LevelLoader:55 - error reading from file level_3.txt
2024-06-15 12:01:45 INFO  LevelLoader:19 - reading file level_3.txt to generate level
2024-06-15 12:01:45 ERROR LevelLoader:55 - error reading from file level_3.txt
2024-06-15 12:01:45 INFO  LevelLoader:19 - reading file level_3.txt to generate level
2024-06-15 12:01:45 ERROR LevelLoader:55 - error reading from file level_3.txt
2024-06-15 12:01:45 INFO  LevelLoader:19 - reading file level_3.txt to generate level
2024-06-15 12:01:45 ERROR LevelLoader:55 - error reading from file level_3.txt
2024-06-15 12:01:45 INFO  LevelLoader:19 - reading file level_3.txt to generate level
2024-06-15 12:01:45 ERROR LevelLoader:55 - error reading from file level_3.txt
2024-06-15 12:01:45 INFO  LevelLoader:19 - reading file level_3.txt to generate level
2024-06-15 12:01:45 ERROR LevelLoader:55 - error reading from file level_3.txt
2024-06-15 12:01:45 INFO  LevelLoader:19 - reading file level_3.txt to generate level
2024-06-15 12:01:45 ERROR LevelLoader:55 - error reading from file level_3.txt
2024-06-15 12:01:45 INFO  LevelLoader:19 - reading file level_3.txt to generate level
2024-06-15 12:01:45 ERROR LevelLoader:55 - error reading from file level_3.txt
2024-06-15 12:01:45 INFO  LevelLoader:19 - reading file level_3.txt to generate level
2024-06-15 12:01:45 ERROR LevelLoader:55 - error reading from file level_3.txt
2024-06-15 12:01:45 INFO  LevelLoader:19 - reading file level_3.txt to generate level
2024-06-15 12:01:45 ERROR LevelLoader:55 - error reading from file level_3.txt
2024-06-15 12:01:45 INFO  LevelLoader:19 - reading file level_3.txt to generate level
2024-06-15 12:01:45 ERROR LevelLoader:55 - error reading from file level_3.txt
2024-06-15 12:01:45 INFO  LevelLoader:19 - reading file level_3.txt to generate level
2024-06-15 12:01:45 ERROR LevelLoader:55 - error reading from file level_3.txt
2024-06-15 12:01:46 INFO  LevelLoader:19 - reading file level_3.txt to generate level
2024-06-15 12:01:46 ERROR LevelLoader:55 - error reading from file level_3.txt
2024-06-15 12:01:46 INFO  LevelLoader:19 - reading file level_3.txt to generate level
2024-06-15 12:01:46 ERROR LevelLoader:55 - error reading from file level_3.txt
2024-06-15 12:01:46 INFO  LevelLoader:19 - reading file level_3.txt to generate level
2024-06-15 12:01:46 ERROR LevelLoader:55 - error reading from file level_3.txt
2024-06-15 12:01:46 INFO  LevelLoader:19 - reading file level_3.txt to generate level
2024-06-15 12:01:46 ERROR LevelLoader:55 - error reading from file level_3.txt
2024-06-15 12:01:46 INFO  LevelLoader:19 - reading file level_3.txt to generate level
2024-06-15 12:01:46 ERROR LevelLoader:55 - error reading from file level_3.txt
2024-06-15 12:01:46 INFO  LevelLoader:19 - reading file level_3.txt to generate level
2024-06-15 12:01:46 ERROR LevelLoader:55 - error reading from file level_3.txt
2024-06-15 12:01:46 INFO  LevelLoader:19 - reading file level_3.txt to generate level
2024-06-15 12:01:46 ERROR LevelLoader:55 - error reading from file level_3.txt
2024-06-15 12:01:46 INFO  LevelLoader:19 - reading file level_3.txt to generate level
2024-06-15 12:01:46 ERROR LevelLoader:55 - error reading from file level_3.txt
2024-06-15 12:01:46 INFO  LevelLoader:19 - reading file level_3.txt to generate level
2024-06-15 12:01:46 ERROR LevelLoader:55 - error reading from file level_3.txt
2024-06-15 12:01:46 INFO  LevelLoader:19 - reading file level_3.txt to generate level
2024-06-15 12:01:46 ERROR LevelLoader:55 - error reading from file level_3.txt
2024-06-15 12:01:46 INFO  SokobanLogic:132 - the warehouse man moves from (4, 2) to (3, 2)
2024-06-15 12:01:46 INFO  SokobanLogic:137 - la puntuacion nueva es 2
2024-06-15 12:01:46 INFO  LevelLoader:19 - reading file level_3.txt to generate level
2024-06-15 12:01:46 ERROR LevelLoader:55 - error reading from file level_3.txt
2024-06-15 12:01:46 INFO  LevelLoader:19 - reading file level_3.txt to generate level
2024-06-15 12:01:46 ERROR LevelLoader:55 - error reading from file level_3.txt
2024-06-15 12:01:46 INFO  LevelLoader:19 - reading file level_3.txt to generate level
2024-06-15 12:01:46 ERROR LevelLoader:55 - error reading from file level_3.txt
2024-06-15 12:01:46 INFO  LevelLoader:19 - reading file level_3.txt to generate level
2024-06-15 12:01:46 ERROR LevelLoader:55 - error reading from file level_3.txt
2024-06-15 12:01:46 INFO  LevelLoader:19 - reading file level_3.txt to generate level
2024-06-15 12:01:46 ERROR LevelLoader:55 - error reading from file level_3.txt
2024-06-15 12:01:46 INFO  LevelLoader:19 - reading file level_3.txt to generate level
2024-06-15 12:01:46 ERROR LevelLoader:55 - error reading from file level_3.txt
2024-06-15 12:01:46 INFO  LevelLoader:19 - reading file level_3.txt to generate level
2024-06-15 12:01:46 ERROR LevelLoader:55 - error reading from file level_3.txt
2024-06-15 12:01:46 INFO  LevelLoader:19 - reading file level_3.txt to generate level
2024-06-15 12:01:46 ERROR LevelLoader:55 - error reading from file level_3.txt
2024-06-15 12:01:47 INFO  LevelLoader:19 - reading file level_3.txt to generate level
2024-06-15 12:01:47 ERROR LevelLoader:55 - error reading from file level_3.txt
2024-06-15 12:01:47 INFO  LevelLoader:19 - reading file level_3.txt to generate level
2024-06-15 12:01:47 ERROR LevelLoader:55 - error reading from file level_3.txt
2024-06-15 12:01:47 INFO  LevelLoader:19 - reading file level_3.txt to generate level
2024-06-15 12:01:47 ERROR LevelLoader:55 - error reading from file level_3.txt
2024-06-15 12:01:47 INFO  LevelLoader:19 - reading file level_3.txt to generate level
2024-06-15 12:01:47 ERROR LevelLoader:55 - error reading from file level_3.txt
2024-06-15 12:01:47 INFO  LevelLoader:19 - reading file level_3.txt to generate level
2024-06-15 12:01:47 ERROR LevelLoader:55 - error reading from file level_3.txt
2024-06-15 12:01:47 INFO  LevelLoader:19 - reading file level_3.txt to generate level
2024-06-15 12:01:47 ERROR LevelLoader:55 - error reading from file level_3.txt
2024-06-15 12:01:47 INFO  LevelLoader:19 - reading file level_3.txt to generate level
2024-06-15 12:01:47 ERROR LevelLoader:55 - error reading from file level_3.txt
2024-06-15 12:01:47 INFO  LevelLoader:19 - reading file level_3.txt to generate level
2024-06-15 12:01:47 ERROR LevelLoader:55 - error reading from file level_3.txt
2024-06-15 12:01:47 INFO  SokobanLogic:132 - the warehouse man moves from (3, 2) to (3, 1)
2024-06-15 12:01:47 INFO  SokobanLogic:137 - la puntuacion nueva es 2
2024-06-15 12:01:47 INFO  LevelLoader:19 - reading file level_3.txt to generate level
2024-06-15 12:01:47 ERROR LevelLoader:55 - error reading from file level_3.txt
2024-06-15 12:01:47 INFO  LevelLoader:19 - reading file level_3.txt to generate level
2024-06-15 12:01:47 ERROR LevelLoader:55 - error reading from file level_3.txt
2024-06-15 12:01:47 INFO  LevelLoader:19 - reading file level_3.txt to generate level
2024-06-15 12:01:47 ERROR LevelLoader:55 - error reading from file level_3.txt
2024-06-15 12:01:47 INFO  LevelLoader:19 - reading file level_3.txt to generate level
2024-06-15 12:01:47 ERROR LevelLoader:55 - error reading from file level_3.txt
2024-06-15 12:01:47 INFO  LevelLoader:19 - reading file level_3.txt to generate level
2024-06-15 12:01:47 ERROR LevelLoader:55 - error reading from file level_3.txt
2024-06-15 12:01:47 INFO  LevelLoader:19 - reading file level_3.txt to generate level
2024-06-15 12:01:47 ERROR LevelLoader:55 - error reading from file level_3.txt
2024-06-15 12:01:47 INFO  SokobanLogic:95 - the warehouse man moves the box from (4, 1) to (5, 1)
2024-06-15 12:01:47 INFO  SokobanLogic:116 - the warehouse man moves from (3, 1) to (4, 1)
2024-06-15 12:01:47 INFO  SokobanLogic:122 - la puntuacion nueva es 2
2024-06-15 12:01:48 INFO  SokobanLogic:132 - the warehouse man moves from (4, 1) to (4, 2)
2024-06-15 12:01:48 INFO  SokobanLogic:137 - la puntuacion nueva es 2
2024-06-15 12:02:21 INFO  LevelLoader:19 - reading file level_1.txt to generate level
2024-06-15 12:02:21 INFO  LevelLoader:29 - loading a level that has 5 rows
2024-06-15 12:02:21 INFO  LevelLoader:30 - loading a level that has 7 columns
2024-06-15 12:02:21 INFO  TexturePaths:30 - image generated correctly from this path ./src/main/java/model/textures/wall.png
2024-06-15 12:02:21 INFO  LevelLoader:93 - a wall has been loaded (0, 0)
2024-06-15 12:02:21 INFO  TexturePaths:30 - image generated correctly from this path ./src/main/java/model/textures/wall.png
2024-06-15 12:02:21 INFO  LevelLoader:93 - a wall has been loaded (1, 0)
2024-06-15 12:02:21 INFO  TexturePaths:30 - image generated correctly from this path ./src/main/java/model/textures/wall.png
2024-06-15 12:02:21 INFO  LevelLoader:93 - a wall has been loaded (2, 0)
2024-06-15 12:02:21 INFO  TexturePaths:30 - image generated correctly from this path ./src/main/java/model/textures/wall.png
2024-06-15 12:02:21 INFO  LevelLoader:93 - a wall has been loaded (3, 0)
2024-06-15 12:02:21 INFO  TexturePaths:30 - image generated correctly from this path ./src/main/java/model/textures/wall.png
2024-06-15 12:02:21 INFO  LevelLoader:93 - a wall has been loaded (4, 0)
2024-06-15 12:02:21 INFO  TexturePaths:30 - image generated correctly from this path ./src/main/java/model/textures/wall.png
2024-06-15 12:02:21 INFO  LevelLoader:93 - a wall has been loaded (5, 0)
2024-06-15 12:02:21 INFO  TexturePaths:30 - image generated correctly from this path ./src/main/java/model/textures/wall.png
2024-06-15 12:02:21 INFO  LevelLoader:93 - a wall has been loaded (6, 0)
2024-06-15 12:02:21 INFO  TexturePaths:30 - image generated correctly from this path ./src/main/java/model/textures/wall.png
2024-06-15 12:02:21 INFO  LevelLoader:93 - a wall has been loaded (0, 1)
2024-06-15 12:02:21 INFO  TexturePaths:30 - image generated correctly from this path ./src/main/java/model/textures/air.png
2024-06-15 12:02:21 INFO  TexturePaths:30 - image generated correctly from this path ./src/main/java/model/textures/worker.png
2024-06-15 12:02:21 INFO  LevelLoader:120 - the warehouse man has been loaded(1, 1)
2024-06-15 12:02:21 INFO  TexturePaths:30 - image generated correctly from this path ./src/main/java/model/textures/air.png
2024-06-15 12:02:21 INFO  TexturePaths:30 - image generated correctly from this path ./src/main/java/model/textures/box.png
2024-06-15 12:02:21 INFO  TexturePaths:30 - image generated correctly from this path ./src/main/java/model/textures/box-modified.png
2024-06-15 12:02:21 INFO  LevelLoader:108 - a box has been loaded(2, 1)
2024-06-15 12:02:21 INFO  TexturePaths:30 - image generated correctly from this path ./src/main/java/model/textures/air.png
2024-06-15 12:02:21 INFO  LevelLoader:98 - an air
2024-06-15 12:02:21 INFO  TexturePaths:30 - image generated correctly from this path ./src/main/java/model/textures/goal.png
2024-06-15 12:02:21 INFO  LevelLoader:103 - a goal has been loaded(4, 1)
2024-06-15 12:02:21 INFO  TexturePaths:30 - image generated correctly from this path ./src/main/java/model/textures/air.png
2024-06-15 12:02:21 INFO  LevelLoader:98 - an air
2024-06-15 12:02:21 INFO  TexturePaths:30 - image generated correctly from this path ./src/main/java/model/textures/wall.png
2024-06-15 12:02:21 INFO  LevelLoader:93 - a wall has been loaded (6, 1)
2024-06-15 12:02:21 INFO  TexturePaths:30 - image generated correctly from this path ./src/main/java/model/textures/wall.png
2024-06-15 12:02:21 INFO  LevelLoader:93 - a wall has been loaded (0, 2)
2024-06-15 12:02:21 INFO  TexturePaths:30 - image generated correctly from this path ./src/main/java/model/textures/air.png
2024-06-15 12:02:21 INFO  LevelLoader:98 - an air
2024-06-15 12:02:21 INFO  TexturePaths:30 - image generated correctly from this path ./src/main/java/model/textures/air.png
2024-06-15 12:02:21 INFO  LevelLoader:98 - an air
2024-06-15 12:02:21 INFO  TexturePaths:30 - image generated correctly from this path ./src/main/java/model/textures/air.png
2024-06-15 12:02:21 INFO  LevelLoader:98 - an air
2024-06-15 12:02:21 INFO  TexturePaths:30 - image generated correctly from this path ./src/main/java/model/textures/air.png
2024-06-15 12:02:21 INFO  LevelLoader:98 - an air
2024-06-15 12:02:21 INFO  TexturePaths:30 - image generated correctly from this path ./src/main/java/model/textures/air.png
2024-06-15 12:02:21 INFO  LevelLoader:98 - an air
2024-06-15 12:02:21 INFO  TexturePaths:30 - image generated correctly from this path ./src/main/java/model/textures/wall.png
2024-06-15 12:02:21 INFO  LevelLoader:93 - a wall has been loaded (6, 2)
2024-06-15 12:02:21 INFO  TexturePaths:30 - image generated correctly from this path ./src/main/java/model/textures/wall.png
2024-06-15 12:02:21 INFO  LevelLoader:93 - a wall has been loaded (0, 3)
2024-06-15 12:02:21 INFO  TexturePaths:30 - image generated correctly from this path ./src/main/java/model/textures/air.png
2024-06-15 12:02:21 INFO  LevelLoader:98 - an air
2024-06-15 12:02:21 INFO  TexturePaths:30 - image generated correctly from this path ./src/main/java/model/textures/air.png
2024-06-15 12:02:21 INFO  LevelLoader:98 - an air
2024-06-15 12:02:21 INFO  TexturePaths:30 - image generated correctly from this path ./src/main/java/model/textures/air.png
2024-06-15 12:02:21 INFO  LevelLoader:98 - an air
2024-06-15 12:02:21 INFO  TexturePaths:30 - image generated correctly from this path ./src/main/java/model/textures/air.png
2024-06-15 12:02:21 INFO  LevelLoader:98 - an air
2024-06-15 12:02:21 INFO  TexturePaths:30 - image generated correctly from this path ./src/main/java/model/textures/air.png
2024-06-15 12:02:21 INFO  LevelLoader:98 - an air
2024-06-15 12:02:21 INFO  TexturePaths:30 - image generated correctly from this path ./src/main/java/model/textures/wall.png
2024-06-15 12:02:21 INFO  LevelLoader:93 - a wall has been loaded (6, 3)
2024-06-15 12:02:21 INFO  TexturePaths:30 - image generated correctly from this path ./src/main/java/model/textures/wall.png
2024-06-15 12:02:21 INFO  LevelLoader:93 - a wall has been loaded (0, 4)
2024-06-15 12:02:21 INFO  TexturePaths:30 - image generated correctly from this path ./src/main/java/model/textures/wall.png
2024-06-15 12:02:21 INFO  LevelLoader:93 - a wall has been loaded (1, 4)
2024-06-15 12:02:21 INFO  TexturePaths:30 - image generated correctly from this path ./src/main/java/model/textures/wall.png
2024-06-15 12:02:21 INFO  LevelLoader:93 - a wall has been loaded (2, 4)
2024-06-15 12:02:21 INFO  TexturePaths:30 - image generated correctly from this path ./src/main/java/model/textures/wall.png
2024-06-15 12:02:21 INFO  LevelLoader:93 - a wall has been loaded (3, 4)
2024-06-15 12:02:21 INFO  TexturePaths:30 - image generated correctly from this path ./src/main/java/model/textures/wall.png
2024-06-15 12:02:21 INFO  LevelLoader:93 - a wall has been loaded (4, 4)
2024-06-15 12:02:21 INFO  TexturePaths:30 - image generated correctly from this path ./src/main/java/model/textures/wall.png
2024-06-15 12:02:21 INFO  LevelLoader:93 - a wall has been loaded (5, 4)
2024-06-15 12:02:21 INFO  TexturePaths:30 - image generated correctly from this path ./src/main/java/model/textures/wall.png
2024-06-15 12:02:21 INFO  LevelLoader:93 - a wall has been loaded (6, 4)
2024-06-15 12:02:23 INFO  SokobanLogic:95 - the warehouse man moves the box from (2, 1) to (3, 1)
2024-06-15 12:02:23 INFO  SokobanLogic:116 - the warehouse man moves from (1, 1) to (2, 1)
2024-06-15 12:02:23 INFO  SokobanLogic:122 - la puntuacion nueva es 0
2024-06-15 12:02:24 INFO  SokobanLogic:95 - the warehouse man moves the box from (3, 1) to (4, 1)
2024-06-15 12:02:24 INFO  SokobanLogic:105 - We reached the goal.
2024-06-15 12:02:24 INFO  SokobanLogic:116 - the warehouse man moves from (2, 1) to (3, 1)
2024-06-15 12:02:24 INFO  SokobanLogic:122 - la puntuacion nueva es 0
2024-06-15 12:02:24 INFO  LevelLoader:19 - reading file level_2.txt to generate level
2024-06-15 12:02:24 INFO  LevelLoader:29 - loading a level that has 5 rows
2024-06-15 12:02:24 INFO  LevelLoader:30 - loading a level that has 7 columns
2024-06-15 12:02:24 INFO  TexturePaths:30 - image generated correctly from this path ./src/main/java/model/textures/wall.png
2024-06-15 12:02:24 INFO  LevelLoader:93 - a wall has been loaded (0, 0)
2024-06-15 12:02:24 INFO  TexturePaths:30 - image generated correctly from this path ./src/main/java/model/textures/wall.png
2024-06-15 12:02:24 INFO  LevelLoader:93 - a wall has been loaded (1, 0)
2024-06-15 12:02:24 INFO  TexturePaths:30 - image generated correctly from this path ./src/main/java/model/textures/wall.png
2024-06-15 12:02:24 INFO  LevelLoader:93 - a wall has been loaded (2, 0)
2024-06-15 12:02:24 INFO  TexturePaths:30 - image generated correctly from this path ./src/main/java/model/textures/wall.png
2024-06-15 12:02:24 INFO  LevelLoader:93 - a wall has been loaded (3, 0)
2024-06-15 12:02:24 INFO  TexturePaths:30 - image generated correctly from this path ./src/main/java/model/textures/wall.png
2024-06-15 12:02:24 INFO  LevelLoader:93 - a wall has been loaded (4, 0)
2024-06-15 12:02:24 INFO  TexturePaths:30 - image generated correctly from this path ./src/main/java/model/textures/wall.png
2024-06-15 12:02:24 INFO  LevelLoader:93 - a wall has been loaded (5, 0)
2024-06-15 12:02:24 INFO  TexturePaths:30 - image generated correctly from this path ./src/main/java/model/textures/wall.png
2024-06-15 12:02:24 INFO  LevelLoader:93 - a wall has been loaded (6, 0)
2024-06-15 12:02:24 INFO  TexturePaths:30 - image generated correctly from this path ./src/main/java/model/textures/wall.png
2024-06-15 12:02:24 INFO  LevelLoader:93 - a wall has been loaded (0, 1)
2024-06-15 12:02:24 INFO  TexturePaths:30 - image generated correctly from this path ./src/main/java/model/textures/air.png
2024-06-15 12:02:24 INFO  TexturePaths:30 - image generated correctly from this path ./src/main/java/model/textures/worker.png
2024-06-15 12:02:24 INFO  LevelLoader:120 - the warehouse man has been loaded(1, 1)
2024-06-15 12:02:24 INFO  TexturePaths:30 - image generated correctly from this path ./src/main/java/model/textures/air.png
2024-06-15 12:02:24 INFO  LevelLoader:98 - an air
2024-06-15 12:02:24 INFO  TexturePaths:30 - image generated correctly from this path ./src/main/java/model/textures/air.png
2024-06-15 12:02:24 INFO  LevelLoader:98 - an air
2024-06-15 12:02:24 INFO  TexturePaths:30 - image generated correctly from this path ./src/main/java/model/textures/goal.png
2024-06-15 12:02:24 INFO  LevelLoader:103 - a goal has been loaded(4, 1)
2024-06-15 12:02:24 INFO  TexturePaths:30 - image generated correctly from this path ./src/main/java/model/textures/air.png
2024-06-15 12:02:24 INFO  LevelLoader:98 - an air
2024-06-15 12:02:24 INFO  TexturePaths:30 - image generated correctly from this path ./src/main/java/model/textures/wall.png
2024-06-15 12:02:24 INFO  LevelLoader:93 - a wall has been loaded (6, 1)
2024-06-15 12:02:24 INFO  TexturePaths:30 - image generated correctly from this path ./src/main/java/model/textures/wall.png
2024-06-15 12:02:24 INFO  LevelLoader:93 - a wall has been loaded (0, 2)
2024-06-15 12:02:24 INFO  TexturePaths:30 - image generated correctly from this path ./src/main/java/model/textures/air.png
2024-06-15 12:02:24 INFO  LevelLoader:98 - an air
2024-06-15 12:02:24 INFO  TexturePaths:30 - image generated correctly from this path ./src/main/java/model/textures/air.png
2024-06-15 12:02:24 INFO  LevelLoader:98 - an air
2024-06-15 12:02:24 INFO  TexturePaths:30 - image generated correctly from this path ./src/main/java/model/textures/air.png
2024-06-15 12:02:24 INFO  TexturePaths:30 - image generated correctly from this path ./src/main/java/model/textures/box.png
2024-06-15 12:02:24 INFO  TexturePaths:30 - image generated correctly from this path ./src/main/java/model/textures/box-modified.png
2024-06-15 12:02:24 INFO  LevelLoader:108 - a box has been loaded(3, 2)
2024-06-15 12:02:24 INFO  TexturePaths:30 - image generated correctly from this path ./src/main/java/model/textures/air.png
2024-06-15 12:02:24 INFO  LevelLoader:98 - an air
2024-06-15 12:02:24 INFO  TexturePaths:30 - image generated correctly from this path ./src/main/java/model/textures/air.png
2024-06-15 12:02:24 INFO  LevelLoader:98 - an air
2024-06-15 12:02:24 INFO  TexturePaths:30 - image generated correctly from this path ./src/main/java/model/textures/wall.png
2024-06-15 12:02:24 INFO  LevelLoader:93 - a wall has been loaded (6, 2)
2024-06-15 12:02:24 INFO  TexturePaths:30 - image generated correctly from this path ./src/main/java/model/textures/wall.png
2024-06-15 12:02:24 INFO  LevelLoader:93 - a wall has been loaded (0, 3)
2024-06-15 12:02:24 INFO  TexturePaths:30 - image generated correctly from this path ./src/main/java/model/textures/air.png
2024-06-15 12:02:24 INFO  LevelLoader:98 - an air
2024-06-15 12:02:24 INFO  TexturePaths:30 - image generated correctly from this path ./src/main/java/model/textures/air.png
2024-06-15 12:02:24 INFO  LevelLoader:98 - an air
2024-06-15 12:02:24 INFO  TexturePaths:30 - image generated correctly from this path ./src/main/java/model/textures/air.png
2024-06-15 12:02:24 INFO  LevelLoader:98 - an air
2024-06-15 12:02:24 INFO  TexturePaths:30 - image generated correctly from this path ./src/main/java/model/textures/air.png
2024-06-15 12:02:24 INFO  LevelLoader:98 - an air
2024-06-15 12:02:24 INFO  TexturePaths:30 - image generated correctly from this path ./src/main/java/model/textures/air.png
2024-06-15 12:02:24 INFO  LevelLoader:98 - an air
2024-06-15 12:02:24 INFO  TexturePaths:30 - image generated correctly from this path ./src/main/java/model/textures/wall.png
2024-06-15 12:02:24 INFO  LevelLoader:93 - a wall has been loaded (6, 3)
2024-06-15 12:02:24 INFO  TexturePaths:30 - image generated correctly from this path ./src/main/java/model/textures/wall.png
2024-06-15 12:02:24 INFO  LevelLoader:93 - a wall has been loaded (0, 4)
2024-06-15 12:02:24 INFO  TexturePaths:30 - image generated correctly from this path ./src/main/java/model/textures/wall.png
2024-06-15 12:02:24 INFO  LevelLoader:93 - a wall has been loaded (1, 4)
2024-06-15 12:02:24 INFO  TexturePaths:30 - image generated correctly from this path ./src/main/java/model/textures/wall.png
2024-06-15 12:02:24 INFO  LevelLoader:93 - a wall has been loaded (2, 4)
2024-06-15 12:02:24 INFO  TexturePaths:30 - image generated correctly from this path ./src/main/java/model/textures/wall.png
2024-06-15 12:02:24 INFO  LevelLoader:93 - a wall has been loaded (3, 4)
2024-06-15 12:02:24 INFO  TexturePaths:30 - image generated correctly from this path ./src/main/java/model/textures/wall.png
2024-06-15 12:02:24 INFO  LevelLoader:93 - a wall has been loaded (4, 4)
2024-06-15 12:02:24 INFO  TexturePaths:30 - image generated correctly from this path ./src/main/java/model/textures/wall.png
2024-06-15 12:02:24 INFO  LevelLoader:93 - a wall has been loaded (5, 4)
2024-06-15 12:02:24 INFO  TexturePaths:30 - image generated correctly from this path ./src/main/java/model/textures/wall.png
2024-06-15 12:02:24 INFO  LevelLoader:93 - a wall has been loaded (6, 4)
2024-06-15 12:02:25 INFO  SokobanLogic:132 - the warehouse man moves from (1, 1) to (1, 2)
2024-06-15 12:02:25 INFO  SokobanLogic:137 - la puntuacion nueva es 2
2024-06-15 12:02:25 INFO  SokobanLogic:132 - the warehouse man moves from (1, 2) to (2, 2)
2024-06-15 12:02:25 INFO  SokobanLogic:137 - la puntuacion nueva es 2
2024-06-15 12:02:25 INFO  SokobanLogic:95 - the warehouse man moves the box from (3, 2) to (4, 2)
2024-06-15 12:02:25 INFO  SokobanLogic:116 - the warehouse man moves from (2, 2) to (3, 2)
2024-06-15 12:02:25 INFO  SokobanLogic:122 - la puntuacion nueva es 2
2024-06-15 12:02:26 INFO  SokobanLogic:95 - the warehouse man moves the box from (4, 2) to (5, 2)
2024-06-15 12:02:26 INFO  SokobanLogic:116 - the warehouse man moves from (3, 2) to (4, 2)
2024-06-15 12:02:26 INFO  SokobanLogic:122 - la puntuacion nueva es 2
2024-06-15 12:02:26 INFO  SokobanLogic:132 - the warehouse man moves from (4, 2) to (4, 3)
2024-06-15 12:02:26 INFO  SokobanLogic:137 - la puntuacion nueva es 2
2024-06-15 12:02:26 INFO  SokobanLogic:132 - the warehouse man moves from (4, 3) to (3, 3)
2024-06-15 12:02:26 INFO  SokobanLogic:137 - la puntuacion nueva es 2
2024-06-15 12:02:28 INFO  LevelLoader:19 - reading file level_2.txt to generate level
2024-06-15 12:02:28 INFO  LevelLoader:29 - loading a level that has 5 rows
2024-06-15 12:02:28 INFO  LevelLoader:30 - loading a level that has 7 columns
2024-06-15 12:02:28 INFO  TexturePaths:30 - image generated correctly from this path ./src/main/java/model/textures/wall.png
2024-06-15 12:02:28 INFO  LevelLoader:93 - a wall has been loaded (0, 0)
2024-06-15 12:02:28 INFO  TexturePaths:30 - image generated correctly from this path ./src/main/java/model/textures/wall.png
2024-06-15 12:02:28 INFO  LevelLoader:93 - a wall has been loaded (1, 0)
2024-06-15 12:02:28 INFO  TexturePaths:30 - image generated correctly from this path ./src/main/java/model/textures/wall.png
2024-06-15 12:02:28 INFO  LevelLoader:93 - a wall has been loaded (2, 0)
2024-06-15 12:02:28 INFO  TexturePaths:30 - image generated correctly from this path ./src/main/java/model/textures/wall.png
2024-06-15 12:02:28 INFO  LevelLoader:93 - a wall has been loaded (3, 0)
2024-06-15 12:02:28 INFO  TexturePaths:30 - image generated correctly from this path ./src/main/java/model/textures/wall.png
2024-06-15 12:02:28 INFO  LevelLoader:93 - a wall has been loaded (4, 0)
2024-06-15 12:02:28 INFO  TexturePaths:30 - image generated correctly from this path ./src/main/java/model/textures/wall.png
2024-06-15 12:02:28 INFO  LevelLoader:93 - a wall has been loaded (5, 0)
2024-06-15 12:02:28 INFO  TexturePaths:30 - image generated correctly from this path ./src/main/java/model/textures/wall.png
2024-06-15 12:02:28 INFO  LevelLoader:93 - a wall has been loaded (6, 0)
2024-06-15 12:02:28 INFO  TexturePaths:30 - image generated correctly from this path ./src/main/java/model/textures/wall.png
2024-06-15 12:02:28 INFO  LevelLoader:93 - a wall has been loaded (0, 1)
2024-06-15 12:02:28 INFO  TexturePaths:30 - image generated correctly from this path ./src/main/java/model/textures/air.png
2024-06-15 12:02:28 INFO  TexturePaths:30 - image generated correctly from this path ./src/main/java/model/textures/worker.png
2024-06-15 12:02:28 INFO  LevelLoader:120 - the warehouse man has been loaded(1, 1)
2024-06-15 12:02:28 INFO  TexturePaths:30 - image generated correctly from this path ./src/main/java/model/textures/air.png
2024-06-15 12:02:28 INFO  LevelLoader:98 - an air
2024-06-15 12:02:28 INFO  TexturePaths:30 - image generated correctly from this path ./src/main/java/model/textures/air.png
2024-06-15 12:02:28 INFO  LevelLoader:98 - an air
2024-06-15 12:02:28 INFO  TexturePaths:30 - image generated correctly from this path ./src/main/java/model/textures/goal.png
2024-06-15 12:02:28 INFO  LevelLoader:103 - a goal has been loaded(4, 1)
2024-06-15 12:02:28 INFO  TexturePaths:30 - image generated correctly from this path ./src/main/java/model/textures/air.png
2024-06-15 12:02:28 INFO  LevelLoader:98 - an air
2024-06-15 12:02:28 INFO  TexturePaths:30 - image generated correctly from this path ./src/main/java/model/textures/wall.png
2024-06-15 12:02:28 INFO  LevelLoader:93 - a wall has been loaded (6, 1)
2024-06-15 12:02:28 INFO  TexturePaths:30 - image generated correctly from this path ./src/main/java/model/textures/wall.png
2024-06-15 12:02:28 INFO  LevelLoader:93 - a wall has been loaded (0, 2)
2024-06-15 12:02:28 INFO  TexturePaths:30 - image generated correctly from this path ./src/main/java/model/textures/air.png
2024-06-15 12:02:28 INFO  LevelLoader:98 - an air
2024-06-15 12:02:28 INFO  TexturePaths:30 - image generated correctly from this path ./src/main/java/model/textures/air.png
2024-06-15 12:02:28 INFO  LevelLoader:98 - an air
2024-06-15 12:02:28 INFO  TexturePaths:30 - image generated correctly from this path ./src/main/java/model/textures/air.png
2024-06-15 12:02:28 INFO  TexturePaths:30 - image generated correctly from this path ./src/main/java/model/textures/box.png
2024-06-15 12:02:28 INFO  TexturePaths:30 - image generated correctly from this path ./src/main/java/model/textures/box-modified.png
2024-06-15 12:02:28 INFO  LevelLoader:108 - a box has been loaded(3, 2)
2024-06-15 12:02:28 INFO  TexturePaths:30 - image generated correctly from this path ./src/main/java/model/textures/air.png
2024-06-15 12:02:28 INFO  LevelLoader:98 - an air
2024-06-15 12:02:28 INFO  TexturePaths:30 - image generated correctly from this path ./src/main/java/model/textures/air.png
2024-06-15 12:02:28 INFO  LevelLoader:98 - an air
2024-06-15 12:02:28 INFO  TexturePaths:30 - image generated correctly from this path ./src/main/java/model/textures/wall.png
2024-06-15 12:02:28 INFO  LevelLoader:93 - a wall has been loaded (6, 2)
2024-06-15 12:02:28 INFO  TexturePaths:30 - image generated correctly from this path ./src/main/java/model/textures/wall.png
2024-06-15 12:02:28 INFO  LevelLoader:93 - a wall has been loaded (0, 3)
2024-06-15 12:02:28 INFO  TexturePaths:30 - image generated correctly from this path ./src/main/java/model/textures/air.png
2024-06-15 12:02:28 INFO  LevelLoader:98 - an air
2024-06-15 12:02:28 INFO  TexturePaths:30 - image generated correctly from this path ./src/main/java/model/textures/air.png
2024-06-15 12:02:28 INFO  LevelLoader:98 - an air
2024-06-15 12:02:28 INFO  TexturePaths:30 - image generated correctly from this path ./src/main/java/model/textures/air.png
2024-06-15 12:02:28 INFO  LevelLoader:98 - an air
2024-06-15 12:02:28 INFO  TexturePaths:30 - image generated correctly from this path ./src/main/java/model/textures/air.png
2024-06-15 12:02:28 INFO  LevelLoader:98 - an air
2024-06-15 12:02:28 INFO  TexturePaths:30 - image generated correctly from this path ./src/main/java/model/textures/air.png
2024-06-15 12:02:28 INFO  LevelLoader:98 - an air
2024-06-15 12:02:28 INFO  TexturePaths:30 - image generated correctly from this path ./src/main/java/model/textures/wall.png
2024-06-15 12:02:28 INFO  LevelLoader:93 - a wall has been loaded (6, 3)
2024-06-15 12:02:28 INFO  TexturePaths:30 - image generated correctly from this path ./src/main/java/model/textures/wall.png
2024-06-15 12:02:28 INFO  LevelLoader:93 - a wall has been loaded (0, 4)
2024-06-15 12:02:28 INFO  TexturePaths:30 - image generated correctly from this path ./src/main/java/model/textures/wall.png
2024-06-15 12:02:28 INFO  LevelLoader:93 - a wall has been loaded (1, 4)
2024-06-15 12:02:28 INFO  TexturePaths:30 - image generated correctly from this path ./src/main/java/model/textures/wall.png
2024-06-15 12:02:28 INFO  LevelLoader:93 - a wall has been loaded (2, 4)
2024-06-15 12:02:28 INFO  TexturePaths:30 - image generated correctly from this path ./src/main/java/model/textures/wall.png
2024-06-15 12:02:28 INFO  LevelLoader:93 - a wall has been loaded (3, 4)
2024-06-15 12:02:28 INFO  TexturePaths:30 - image generated correctly from this path ./src/main/java/model/textures/wall.png
2024-06-15 12:02:28 INFO  LevelLoader:93 - a wall has been loaded (4, 4)
2024-06-15 12:02:28 INFO  TexturePaths:30 - image generated correctly from this path ./src/main/java/model/textures/wall.png
2024-06-15 12:02:28 INFO  LevelLoader:93 - a wall has been loaded (5, 4)
2024-06-15 12:02:28 INFO  TexturePaths:30 - image generated correctly from this path ./src/main/java/model/textures/wall.png
2024-06-15 12:02:28 INFO  LevelLoader:93 - a wall has been loaded (6, 4)
2024-06-15 12:02:30 INFO  SokobanLogic:132 - the warehouse man moves from (1, 1) to (1, 2)
2024-06-15 12:02:30 INFO  SokobanLogic:137 - la puntuacion nueva es 2
2024-06-15 12:02:30 INFO  SokobanLogic:132 - the warehouse man moves from (1, 2) to (2, 2)
2024-06-15 12:02:30 INFO  SokobanLogic:137 - la puntuacion nueva es 2
2024-06-15 12:02:31 INFO  SokobanLogic:95 - the warehouse man moves the box from (3, 2) to (4, 2)
2024-06-15 12:02:31 INFO  SokobanLogic:116 - the warehouse man moves from (2, 2) to (3, 2)
2024-06-15 12:02:31 INFO  SokobanLogic:122 - la puntuacion nueva es 2
2024-06-15 12:02:31 INFO  SokobanLogic:132 - the warehouse man moves from (3, 2) to (3, 3)
2024-06-15 12:02:31 INFO  SokobanLogic:137 - la puntuacion nueva es 2
2024-06-15 12:02:31 INFO  SokobanLogic:132 - the warehouse man moves from (3, 3) to (4, 3)
2024-06-15 12:02:31 INFO  SokobanLogic:137 - la puntuacion nueva es 2
2024-06-15 12:02:32 INFO  SokobanLogic:95 - the warehouse man moves the box from (4, 2) to (4, 1)
2024-06-15 12:02:32 INFO  SokobanLogic:105 - We reached the goal.
2024-06-15 12:02:32 INFO  SokobanLogic:116 - the warehouse man moves from (4, 3) to (4, 2)
2024-06-15 12:02:32 INFO  SokobanLogic:122 - la puntuacion nueva es 2
2024-06-15 12:02:32 INFO  LevelLoader:19 - reading file level_3.txt to generate level
2024-06-15 12:02:32 ERROR LevelLoader:55 - error reading from file level_3.txt
2024-06-15 12:02:32 INFO  LevelLoader:19 - reading file level_3.txt to generate level
2024-06-15 12:02:32 ERROR LevelLoader:55 - error reading from file level_3.txt
2024-06-15 12:02:32 INFO  LevelLoader:19 - reading file level_3.txt to generate level
2024-06-15 12:02:32 ERROR LevelLoader:55 - error reading from file level_3.txt
2024-06-15 12:02:32 INFO  LevelLoader:19 - reading file level_3.txt to generate level
2024-06-15 12:02:32 ERROR LevelLoader:55 - error reading from file level_3.txt
2024-06-15 12:02:32 INFO  LevelLoader:19 - reading file level_3.txt to generate level
2024-06-15 12:02:32 ERROR LevelLoader:55 - error reading from file level_3.txt
2024-06-15 12:02:32 INFO  LevelLoader:19 - reading file level_3.txt to generate level
2024-06-15 12:02:32 ERROR LevelLoader:55 - error reading from file level_3.txt
2024-06-15 12:02:32 INFO  LevelLoader:19 - reading file level_3.txt to generate level
2024-06-15 12:02:32 ERROR LevelLoader:55 - error reading from file level_3.txt
2024-06-15 12:02:32 INFO  LevelLoader:19 - reading file level_3.txt to generate level
2024-06-15 12:02:32 ERROR LevelLoader:55 - error reading from file level_3.txt
2024-06-15 12:02:32 INFO  LevelLoader:19 - reading file level_3.txt to generate level
2024-06-15 12:02:32 ERROR LevelLoader:55 - error reading from file level_3.txt
2024-06-15 12:02:32 INFO  LevelLoader:19 - reading file level_3.txt to generate level
2024-06-15 12:02:32 ERROR LevelLoader:55 - error reading from file level_3.txt
2024-06-15 12:02:32 INFO  LevelLoader:19 - reading file level_3.txt to generate level
2024-06-15 12:02:32 ERROR LevelLoader:55 - error reading from file level_3.txt
2024-06-15 12:02:32 INFO  LevelLoader:19 - reading file level_3.txt to generate level
2024-06-15 12:02:32 ERROR LevelLoader:55 - error reading from file level_3.txt
2024-06-15 12:02:32 INFO  LevelLoader:19 - reading file level_3.txt to generate level
2024-06-15 12:02:32 ERROR LevelLoader:55 - error reading from file level_3.txt
2024-06-15 12:02:32 INFO  LevelLoader:19 - reading file level_3.txt to generate level
2024-06-15 12:02:32 ERROR LevelLoader:55 - error reading from file level_3.txt
2024-06-15 12:02:32 INFO  LevelLoader:19 - reading file level_3.txt to generate level
2024-06-15 12:02:32 ERROR LevelLoader:55 - error reading from file level_3.txt
2024-06-15 12:02:32 INFO  LevelLoader:19 - reading file level_3.txt to generate level
2024-06-15 12:02:32 ERROR LevelLoader:55 - error reading from file level_3.txt
2024-06-15 12:02:32 INFO  LevelLoader:19 - reading file level_3.txt to generate level
2024-06-15 12:02:32 ERROR LevelLoader:55 - error reading from file level_3.txt
2024-06-15 12:02:33 INFO  LevelLoader:19 - reading file level_3.txt to generate level
2024-06-15 12:02:33 ERROR LevelLoader:55 - error reading from file level_3.txt
2024-06-15 12:02:33 INFO  LevelLoader:19 - reading file level_3.txt to generate level
2024-06-15 12:02:33 ERROR LevelLoader:55 - error reading from file level_3.txt
2024-06-15 12:02:33 INFO  LevelLoader:19 - reading file level_3.txt to generate level
2024-06-15 12:02:33 ERROR LevelLoader:55 - error reading from file level_3.txt
2024-06-15 12:02:33 INFO  LevelLoader:19 - reading file level_3.txt to generate level
2024-06-15 12:02:33 ERROR LevelLoader:55 - error reading from file level_3.txt
2024-06-15 12:02:33 INFO  LevelLoader:19 - reading file level_3.txt to generate level
2024-06-15 12:02:33 ERROR LevelLoader:55 - error reading from file level_3.txt
2024-06-15 12:02:33 INFO  LevelLoader:19 - reading file level_3.txt to generate level
2024-06-15 12:02:33 ERROR LevelLoader:55 - error reading from file level_3.txt
2024-06-15 12:02:33 INFO  LevelLoader:19 - reading file level_3.txt to generate level
2024-06-15 12:02:33 ERROR LevelLoader:55 - error reading from file level_3.txt
2024-06-15 12:02:33 INFO  LevelLoader:19 - reading file level_3.txt to generate level
2024-06-15 12:02:33 ERROR LevelLoader:55 - error reading from file level_3.txt
2024-06-15 12:02:33 INFO  LevelLoader:19 - reading file level_3.txt to generate level
2024-06-15 12:02:33 ERROR LevelLoader:55 - error reading from file level_3.txt
2024-06-15 12:02:33 INFO  LevelLoader:19 - reading file level_3.txt to generate level
2024-06-15 12:02:33 ERROR LevelLoader:55 - error reading from file level_3.txt
2024-06-15 12:02:33 INFO  LevelLoader:19 - reading file level_3.txt to generate level
2024-06-15 12:02:33 ERROR LevelLoader:55 - error reading from file level_3.txt
2024-06-15 12:02:33 INFO  LevelLoader:19 - reading file level_3.txt to generate level
2024-06-15 12:02:33 ERROR LevelLoader:55 - error reading from file level_3.txt
2024-06-15 12:02:33 INFO  LevelLoader:19 - reading file level_3.txt to generate level
2024-06-15 12:02:33 ERROR LevelLoader:55 - error reading from file level_3.txt
2024-06-15 12:02:33 INFO  LevelLoader:19 - reading file level_3.txt to generate level
2024-06-15 12:02:33 ERROR LevelLoader:55 - error reading from file level_3.txt
2024-06-15 12:02:33 INFO  LevelLoader:19 - reading file level_3.txt to generate level
2024-06-15 12:02:33 ERROR LevelLoader:55 - error reading from file level_3.txt
2024-06-15 12:02:33 INFO  LevelLoader:19 - reading file level_3.txt to generate level
2024-06-15 12:02:33 ERROR LevelLoader:55 - error reading from file level_3.txt
2024-06-15 12:02:33 INFO  LevelLoader:19 - reading file level_3.txt to generate level
2024-06-15 12:02:33 ERROR LevelLoader:55 - error reading from file level_3.txt
2024-06-15 12:02:33 INFO  LevelLoader:19 - reading file level_3.txt to generate level
2024-06-15 12:02:33 ERROR LevelLoader:55 - error reading from file level_3.txt
2024-06-15 12:02:34 INFO  LevelLoader:19 - reading file level_3.txt to generate level
2024-06-15 12:02:34 ERROR LevelLoader:55 - error reading from file level_3.txt
2024-06-15 12:02:34 INFO  LevelLoader:19 - reading file level_3.txt to generate level
2024-06-15 12:02:34 ERROR LevelLoader:55 - error reading from file level_3.txt
2024-06-15 12:02:34 INFO  LevelLoader:19 - reading file level_3.txt to generate level
2024-06-15 12:02:34 ERROR LevelLoader:55 - error reading from file level_3.txt
2024-06-15 12:02:34 INFO  LevelLoader:19 - reading file level_3.txt to generate level
2024-06-15 12:02:34 ERROR LevelLoader:55 - error reading from file level_3.txt
2024-06-15 12:02:34 INFO  LevelLoader:19 - reading file level_3.txt to generate level
2024-06-15 12:02:34 ERROR LevelLoader:55 - error reading from file level_3.txt
2024-06-15 12:02:34 INFO  LevelLoader:19 - reading file level_3.txt to generate level
2024-06-15 12:02:34 ERROR LevelLoader:55 - error reading from file level_3.txt
2024-06-15 12:02:34 INFO  LevelLoader:19 - reading file level_3.txt to generate level
2024-06-15 12:02:34 ERROR LevelLoader:55 - error reading from file level_3.txt
2024-06-15 12:02:34 INFO  LevelLoader:19 - reading file level_3.txt to generate level
2024-06-15 12:02:34 ERROR LevelLoader:55 - error reading from file level_3.txt
2024-06-15 12:02:34 INFO  LevelLoader:19 - reading file level_3.txt to generate level
2024-06-15 12:02:34 ERROR LevelLoader:55 - error reading from file level_3.txt
2024-06-15 12:02:34 INFO  LevelLoader:19 - reading file level_3.txt to generate level
2024-06-15 12:02:34 ERROR LevelLoader:55 - error reading from file level_3.txt
2024-06-15 12:02:34 INFO  LevelLoader:19 - reading file level_3.txt to generate level
2024-06-15 12:02:34 ERROR LevelLoader:55 - error reading from file level_3.txt
2024-06-15 12:02:34 INFO  LevelLoader:19 - reading file level_3.txt to generate level
2024-06-15 12:02:34 ERROR LevelLoader:55 - error reading from file level_3.txt
2024-06-15 12:02:34 INFO  LevelLoader:19 - reading file level_3.txt to generate level
2024-06-15 12:02:34 ERROR LevelLoader:55 - error reading from file level_3.txt
2024-06-15 12:02:34 INFO  LevelLoader:19 - reading file level_3.txt to generate level
2024-06-15 12:02:34 ERROR LevelLoader:55 - error reading from file level_3.txt
2024-06-15 12:02:34 INFO  LevelLoader:19 - reading file level_3.txt to generate level
2024-06-15 12:02:34 ERROR LevelLoader:55 - error reading from file level_3.txt
2024-06-15 12:02:34 INFO  LevelLoader:19 - reading file level_3.txt to generate level
2024-06-15 12:02:34 ERROR LevelLoader:55 - error reading from file level_3.txt
2024-06-15 12:02:34 INFO  LevelLoader:19 - reading file level_3.txt to generate level
2024-06-15 12:02:34 ERROR LevelLoader:55 - error reading from file level_3.txt
2024-06-15 12:02:34 INFO  LevelLoader:19 - reading file level_3.txt to generate level
2024-06-15 12:02:34 ERROR LevelLoader:55 - error reading from file level_3.txt
2024-06-15 12:02:34 INFO  LevelLoader:19 - reading file level_3.txt to generate level
2024-06-15 12:02:34 ERROR LevelLoader:55 - error reading from file level_3.txt
2024-06-15 12:02:35 INFO  LevelLoader:19 - reading file level_3.txt to generate level
2024-06-15 12:02:35 ERROR LevelLoader:55 - error reading from file level_3.txt
2024-06-15 12:02:35 INFO  LevelLoader:19 - reading file level_3.txt to generate level
2024-06-15 12:02:35 ERROR LevelLoader:55 - error reading from file level_3.txt
2024-06-15 12:02:35 INFO  LevelLoader:19 - reading file level_3.txt to generate level
2024-06-15 12:02:35 ERROR LevelLoader:55 - error reading from file level_3.txt
2024-06-15 12:02:35 INFO  LevelLoader:19 - reading file level_3.txt to generate level
2024-06-15 12:02:35 ERROR LevelLoader:55 - error reading from file level_3.txt
2024-06-15 12:02:35 INFO  LevelLoader:19 - reading file level_3.txt to generate level
2024-06-15 12:02:35 ERROR LevelLoader:55 - error reading from file level_3.txt
2024-06-15 12:02:35 INFO  LevelLoader:19 - reading file level_3.txt to generate level
2024-06-15 12:02:35 ERROR LevelLoader:55 - error reading from file level_3.txt
2024-06-15 12:02:35 INFO  LevelLoader:19 - reading file level_3.txt to generate level
2024-06-15 12:02:35 ERROR LevelLoader:55 - error reading from file level_3.txt
2024-06-15 12:02:35 INFO  LevelLoader:19 - reading file level_3.txt to generate level
2024-06-15 12:02:35 ERROR LevelLoader:55 - error reading from file level_3.txt
2024-06-15 12:02:35 INFO  LevelLoader:19 - reading file level_3.txt to generate level
2024-06-15 12:02:35 ERROR LevelLoader:55 - error reading from file level_3.txt
2024-06-15 12:02:35 INFO  LevelLoader:19 - reading file level_3.txt to generate level
2024-06-15 12:02:35 ERROR LevelLoader:55 - error reading from file level_3.txt
2024-06-15 12:02:35 INFO  LevelLoader:19 - reading file level_3.txt to generate level
2024-06-15 12:02:35 ERROR LevelLoader:55 - error reading from file level_3.txt
2024-06-15 12:02:35 INFO  LevelLoader:19 - reading file level_3.txt to generate level
2024-06-15 12:02:35 ERROR LevelLoader:55 - error reading from file level_3.txt
2024-06-15 12:02:35 INFO  LevelLoader:19 - reading file level_3.txt to generate level
2024-06-15 12:02:35 ERROR LevelLoader:55 - error reading from file level_3.txt
2024-06-15 12:02:35 INFO  LevelLoader:19 - reading file level_3.txt to generate level
2024-06-15 12:02:35 ERROR LevelLoader:55 - error reading from file level_3.txt
2024-06-15 12:02:35 INFO  LevelLoader:19 - reading file level_3.txt to generate level
2024-06-15 12:02:35 ERROR LevelLoader:55 - error reading from file level_3.txt
2024-06-15 12:02:35 INFO  LevelLoader:19 - reading file level_3.txt to generate level
2024-06-15 12:02:35 ERROR LevelLoader:55 - error reading from file level_3.txt
2024-06-15 12:02:35 INFO  LevelLoader:19 - reading file level_3.txt to generate level
2024-06-15 12:02:35 ERROR LevelLoader:55 - error reading from file level_3.txt
2024-06-15 12:02:35 INFO  LevelLoader:19 - reading file level_3.txt to generate level
2024-06-15 12:02:35 ERROR LevelLoader:55 - error reading from file level_3.txt
2024-06-15 12:02:35 INFO  LevelLoader:19 - reading file level_3.txt to generate level
2024-06-15 12:02:35 ERROR LevelLoader:55 - error reading from file level_3.txt
2024-06-15 12:02:36 INFO  LevelLoader:19 - reading file level_3.txt to generate level
2024-06-15 12:02:36 ERROR LevelLoader:55 - error reading from file level_3.txt
2024-06-15 12:02:36 INFO  LevelLoader:19 - reading file level_3.txt to generate level
2024-06-15 12:02:36 ERROR LevelLoader:55 - error reading from file level_3.txt
2024-06-15 12:02:36 INFO  LevelLoader:19 - reading file level_3.txt to generate level
2024-06-15 12:02:36 ERROR LevelLoader:55 - error reading from file level_3.txt
2024-06-15 12:02:36 INFO  LevelLoader:19 - reading file level_3.txt to generate level
2024-06-15 12:02:36 ERROR LevelLoader:55 - error reading from file level_3.txt
2024-06-15 12:02:36 INFO  LevelLoader:19 - reading file level_3.txt to generate level
2024-06-15 12:02:36 ERROR LevelLoader:55 - error reading from file level_3.txt
2024-06-15 12:02:36 INFO  LevelLoader:19 - reading file level_3.txt to generate level
2024-06-15 12:02:36 ERROR LevelLoader:55 - error reading from file level_3.txt
2024-06-15 12:02:36 INFO  LevelLoader:19 - reading file level_3.txt to generate level
2024-06-15 12:02:36 ERROR LevelLoader:55 - error reading from file level_3.txt
2024-06-15 12:02:36 INFO  LevelLoader:19 - reading file level_3.txt to generate level
2024-06-15 12:02:36 ERROR LevelLoader:55 - error reading from file level_3.txt
2024-06-15 12:02:36 INFO  LevelLoader:19 - reading file level_3.txt to generate level
2024-06-15 12:02:36 ERROR LevelLoader:55 - error reading from file level_3.txt
2024-06-15 12:02:36 INFO  LevelLoader:19 - reading file level_3.txt to generate level
2024-06-15 12:02:36 ERROR LevelLoader:55 - error reading from file level_3.txt
